// This represents the output of Main.mag, i.e. the weights for which the 
// observations about the obstructions fail.
// Interestingly, they're all 2 mod 12!
14
[ 1 + O(3^20), 3 + O(3^20), 9 + O(3^20), O(3^20) ]
26
[ 1 + O(3^20), 1 + O(3^20), 1 + O(3^20), 3 + O(3^20), 9 + O(3^20), O(3^20), 
O(3^20) ]
38
[ 1 + O(3^20), 1 + O(3^20), 1 + O(3^20), 1 + O(3^20), 3 + O(3^20), 3 + O(3^20), 
9 + O(3^20), O(3^20), O(3^20), O(3^20) ]
50
[ 1 + O(3^20), 1 + O(3^20), 1 + O(3^20), 1 + O(3^20), 1 + O(3^20), 1 + O(3^20), 
3 + O(3^20), 3 + O(3^20), 9 + O(3^20), O(3^20), O(3^20), O(3^20), O(3^20) ]
62
[ 1 + O(3^20), 1 + O(3^20), 1 + O(3^20), 1 + O(3^20), 1 + O(3^20), 1 + O(3^20), 
1 + O(3^20), 3 + O(3^20), 3 + O(3^20), 3 + O(3^20), 9 + O(3^20), O(3^20), 
O(3^20), O(3^20), O(3^20), O(3^20) ]
74
[ 1 + O(3^20), 1 + O(3^20), 1 + O(3^20), 1 + O(3^20), 1 + O(3^20), 1 + O(3^20), 
1 + O(3^20), 1 + O(3^20), 1 + O(3^20), 3 + O(3^20), 3 + O(3^20), 3 + O(3^20), 9 
+ O(3^20), O(3^20), O(3^20), O(3^20), O(3^20), O(3^20), O(3^20) ]
86
[ 1 + O(3^20), 1 + O(3^20), 1 + O(3^20), 1 + O(3^20), 1 + O(3^20), 1 + O(3^20), 
1 + O(3^20), 1 + O(3^20), 1 + O(3^20), 1 + O(3^20), 3 + O(3^20), 3 + O(3^20), 3 
+ O(3^20), 3 + O(3^20), 9 + O(3^20), O(3^20), O(3^20), O(3^20), O(3^20), 
O(3^20), O(3^20), O(3^20) ]
98
[ 1 + O(3^20), 1 + O(3^20), 1 + O(3^20), 1 + O(3^20), 1 + O(3^20), 1 + O(3^20), 
1 + O(3^20), 1 + O(3^20), 1 + O(3^20), 1 + O(3^20), 1 + O(3^20), 1 + O(3^20), 3 
+ O(3^20), 3 + O(3^20), 3 + O(3^20), 3 + O(3^20), 9 + O(3^20), O(3^20), O(3^20),
O(3^20), O(3^20), O(3^20), O(3^20), O(3^20), O(3^20) ]